# JRE version: Java(TM) SE Runtime Environment (17.0.1+12) (build 17.0.1+12-LTS-39)
# Java VM: Java HotSpot(TM) 64-Bit Server VM (17.0.1+12-LTS-39, mixed mode, sharing, tiered, compressed oops, compressed class ptrs, g1 gc, windows-amd64)
GC Precious Log:
 CPUs: 8 total, 8 available
 Memory: 16328M
 Large Page Support: Disabled
 NUMA Support: Disabled
 Compressed Oops: Enabled (Zero based)
 Heap Region Size: 2M
 Heap Min Capacity: 8M
 Heap Initial Capacity: 256M
 Heap Max Capacity: 4084M
 Pre-touch: Disabled
 Parallel Workers: 8
 Concurrent Workers: 2
 Concurrent Refinement Workers: 8
 Periodic GC: Disabled
Heap:
 garbage-first heap   total 61440K, used 37504K [0x0000000700c00000, 0x0000000800000000)
  region size 2048K, 8 young (16384K), 2 survivors (4096K)
 Metaspace       used 58991K, committed 59520K, reserved 1105920K
  class space    used 8068K, committed 8320K, reserved 1048576K
GC Heap History (20 events):
Event: 3.030 GC heap before
{Heap before GC invocations=2 (full 0):
 garbage-first heap   total 262144K, used 64187K [0x0000000700c00000, 0x0000000800000000)
  region size 2048K, 30 young (61440K), 2 survivors (4096K)
 Metaspace       used 15467K, committed 15744K, reserved 1064960K
  class space    used 1906K, committed 2048K, reserved 1048576K
}
Event: 3.037 GC heap after
{Heap after GC invocations=3 (full 0):
 garbage-first heap   total 262144K, used 10092K [0x0000000700c00000, 0x0000000800000000)
  region size 2048K, 2 young (4096K), 2 survivors (4096K)
 Metaspace       used 15467K, committed 15744K, reserved 1064960K
  class space    used 1906K, committed 2048K, reserved 1048576K
}
Event: 4.856 GC heap before
{Heap before GC invocations=3 (full 0):
 garbage-first heap   total 262144K, used 114540K [0x0000000700c00000, 0x0000000800000000)
  region size 2048K, 55 young (112640K), 2 survivors (4096K)
 Metaspace       used 21248K, committed 21504K, reserved 1073152K
  class space    used 2652K, committed 2752K, reserved 1048576K
}
Event: 4.862 GC heap after
{Heap after GC invocations=4 (full 0):
 garbage-first heap   total 262144K, used 12944K [0x0000000700c00000, 0x0000000800000000)
  region size 2048K, 4 young (8192K), 4 survivors (8192K)
 Metaspace       used 21248K, committed 21504K, reserved 1073152K
  class space    used 2652K, committed 2752K, reserved 1048576K
}
Event: 6.798 GC heap before
{Heap before GC invocations=5 (full 0):
 garbage-first heap   total 61440K, used 41616K [0x0000000700c00000, 0x0000000800000000)
  region size 2048K, 18 young (36864K), 4 survivors (8192K)
 Metaspace       used 27157K, committed 27520K, reserved 1073152K
  class space    used 3427K, committed 3584K, reserved 1048576K
}
Event: 6.809 GC heap after
{Heap after GC invocations=6 (full 0):
 garbage-first heap   total 61440K, used 16345K [0x0000000700c00000, 0x0000000800000000)
  region size 2048K, 2 young (4096K), 2 survivors (4096K)
 Metaspace       used 27157K, committed 27520K, reserved 1073152K
  class space    used 3427K, committed 3584K, reserved 1048576K
}
Event: 8.097 GC heap before
{Heap before GC invocations=6 (full 0):
 garbage-first heap   total 61440K, used 40921K [0x0000000700c00000, 0x0000000800000000)
  region size 2048K, 14 young (28672K), 2 survivors (4096K)
 Metaspace       used 32625K, committed 33088K, reserved 1081344K
  class space    used 4082K, committed 4288K, reserved 1048576K
}
Event: 8.102 GC heap after
{Heap after GC invocations=7 (full 0):
 garbage-first heap   total 61440K, used 18608K [0x0000000700c00000, 0x0000000800000000)
  region size 2048K, 2 young (4096K), 2 survivors (4096K)
 Metaspace       used 32625K, committed 33088K, reserved 1081344K
  class space    used 4082K, committed 4288K, reserved 1048576K
}
Event: 8.780 GC heap before
{Heap before GC invocations=7 (full 0):
 garbage-first heap   total 61440K, used 30896K [0x0000000700c00000, 0x0000000800000000)
  region size 2048K, 9 young (18432K), 2 survivors (4096K)
 Metaspace       used 35705K, committed 36096K, reserved 1081344K
  class space    used 4544K, committed 4736K, reserved 1048576K
}
Event: 8.783 GC heap after
{Heap after GC invocations=8 (full 0):
 garbage-first heap   total 61440K, used 19625K [0x0000000700c00000, 0x0000000800000000)
  region size 2048K, 1 young (2048K), 1 survivors (2048K)
 Metaspace       used 35705K, committed 36096K, reserved 1081344K
  class space    used 4544K, committed 4736K, reserved 1048576K
}
Event: 9.775 GC heap before
{Heap before GC invocations=9 (full 0):
 garbage-first heap   total 61440K, used 40105K [0x0000000700c00000, 0x0000000800000000)
  region size 2048K, 12 young (24576K), 1 survivors (2048K)
 Metaspace       used 41283K, committed 41728K, reserved 1089536K
  class space    used 5381K, committed 5632K, reserved 1048576K
}
Event: 9.776 GC heap after
{Heap after GC invocations=10 (full 0):
 garbage-first heap   total 61440K, used 20536K [0x0000000700c00000, 0x0000000800000000)
  region size 2048K, 1 young (2048K), 1 survivors (2048K)
 Metaspace       used 41283K, committed 41728K, reserved 1089536K
  class space    used 5381K, committed 5632K, reserved 1048576K
}
Event: 10.880 GC heap before
{Heap before GC invocations=10 (full 0):
 garbage-first heap   total 61440K, used 45112K [0x0000000700c00000, 0x0000000800000000)
  region size 2048K, 13 young (26624K), 1 survivors (2048K)
 Metaspace       used 48108K, committed 48576K, reserved 1097728K
  class space    used 6530K, committed 6784K, reserved 1048576K
}
Event: 10.882 GC heap after
{Heap after GC invocations=11 (full 0):
 garbage-first heap   total 61440K, used 21679K [0x0000000700c00000, 0x0000000800000000)
  region size 2048K, 2 young (4096K), 2 survivors (4096K)
 Metaspace       used 48108K, committed 48576K, reserved 1097728K
  class space    used 6530K, committed 6784K, reserved 1048576K
}
Event: 11.723 GC heap before
{Heap before GC invocations=11 (full 0):
 garbage-first heap   total 61440K, used 42159K [0x0000000700c00000, 0x0000000800000000)
  region size 2048K, 13 young (26624K), 2 survivors (4096K)
 Metaspace       used 52265K, committed 52800K, reserved 1097728K
  class space    used 7162K, committed 7424K, reserved 1048576K
}
Event: 11.729 GC heap after
{Heap after GC invocations=12 (full 0):
 garbage-first heap   total 61440K, used 23613K [0x0000000700c00000, 0x0000000800000000)
  region size 2048K, 2 young (4096K), 2 survivors (4096K)
 Metaspace       used 52265K, committed 52800K, reserved 1097728K
  class space    used 7162K, committed 7424K, reserved 1048576K
}
Event: 12.329 GC heap before
{Heap before GC invocations=12 (full 0):
 garbage-first heap   total 61440K, used 46141K [0x0000000700c00000, 0x0000000800000000)
  region size 2048K, 13 young (26624K), 2 survivors (4096K)
 Metaspace       used 54885K, committed 55360K, reserved 1097728K
  class space    used 7529K, committed 7744K, reserved 1048576K
}
Event: 12.332 GC heap after
{Heap after GC invocations=13 (full 0):
 garbage-first heap   total 61440K, used 25013K [0x0000000700c00000, 0x0000000800000000)
  region size 2048K, 2 young (4096K), 2 survivors (4096K)
 Metaspace       used 54885K, committed 55360K, reserved 1097728K
  class space    used 7529K, committed 7744K, reserved 1048576K
}
Event: 13.185 GC heap before
{Heap before GC invocations=13 (full 0):
 garbage-first heap   total 61440K, used 45493K [0x0000000700c00000, 0x0000000800000000)
  region size 2048K, 12 young (24576K), 2 survivors (4096K)
 Metaspace       used 57766K, committed 58304K, reserved 1105920K
  class space    used 7930K, committed 8192K, reserved 1048576K
}
Event: 13.188 GC heap after
{Heap after GC invocations=14 (full 0):
 garbage-first heap   total 61440K, used 27264K [0x0000000700c00000, 0x0000000800000000)
  region size 2048K, 2 young (4096K), 2 survivors (4096K)
 Metaspace       used 57766K, committed 58304K, reserved 1105920K
  class space    used 7930K, committed 8192K, reserved 1048576K
}

